<?xml version="1.0" encoding="UTF-8"?>
<!-- Generated by org.testng.reporters.JUnitXMLReporter -->
<testsuite hostname="auhumanpc" name="Test" tests="1" failures="1" timestamp="10 Feb 2020 18:41:09 GMT" time="51.017" errors="0">
  <testcase name="feature" time="50.168" classname="testOption.textRunner">
    <failure type="cucumber.runtime.CucumberException" message="java.lang.AssertionError: expected [Home Page ~ Salesforce - Developer Edition] but found []">
      <![CDATA[cucumber.runtime.CucumberException: java.lang.AssertionError: expected [Home Page ~ Salesforce - Developer Edition] but found []
	at cucumber.api.testng.TestNGCucumberRunner.runCucumber(TestNGCucumberRunner.java:69)
	at cucumber.api.testng.AbstractTestNGCucumberTests.feature(AbstractTestNGCucumberTests.java:21)
Caused by: java.lang.AssertionError: expected [Home Page ~ Salesforce - Developer Edition] but found []
	at utility.Resuability.validateTitle(Resuability.java:32)
	at pages.MainPage.verifytitleMain(MainPage.java:21)
	at stepDefinitons.StepDefinition.validate_the_title_of_mainpage(StepDefinition.java:142)
	at âœ½.Then : Validate the title of mainpage "Home Page ~ Salesforce - Developer Edition"(sales.feature:88)
... Removed 30 stack frames]]>
    </failure>
  </testcase> <!-- feature -->
</testsuite> <!-- Test -->
